# JRE version: OpenJDK Runtime Environment (11.0.2+9) (build 11.0.2+9)
# Java VM: OpenJDK 64-Bit Server VM (11.0.2+9, mixed mode, tiered, compressed oops, g1 gc, windows-amd64)
Heap:
 garbage-first heap   total 258048K, used 168735K [0x0000000704a00000, 0x0000000800000000)
  region size 1024K, 133 young (136192K), 11 survivors (11264K)
 Metaspace       used 66279K, capacity 68208K, committed 68352K, reserved 1107968K
  class space    used 8221K, capacity 8874K, committed 8960K, reserved 1048576K
GC Heap History (10 events):
Event: 11.502 GC heap before
{Heap before GC invocations=4 (full 0):
 garbage-first heap   total 258048K, used 115576K [0x0000000704a00000, 0x0000000800000000)
  region size 1024K, 98 young (100352K), 2 survivors (2048K)
 Metaspace       used 33420K, capacity 34338K, committed 34560K, reserved 1079296K
  class space    used 4485K, capacity 4808K, committed 4864K, reserved 1048576K
}
Event: 11.508 GC heap after
{Heap after GC invocations=5 (full 0):
 garbage-first heap   total 258048K, used 23342K [0x0000000704a00000, 0x0000000800000000)
  region size 1024K, 7 young (7168K), 7 survivors (7168K)
 Metaspace       used 33420K, capacity 34338K, committed 34560K, reserved 1079296K
  class space    used 4485K, capacity 4808K, committed 4864K, reserved 1048576K
}
Event: 12.042 GC heap before
{Heap before GC invocations=5 (full 0):
 garbage-first heap   total 258048K, used 29486K [0x0000000704a00000, 0x0000000800000000)
  region size 1024K, 14 young (14336K), 7 survivors (7168K)
 Metaspace       used 34823K, capacity 35762K, committed 35840K, reserved 1081344K
  class space    used 4595K, capacity 4942K, committed 4992K, reserved 1048576K
}
Event: 12.053 GC heap after
{Heap after GC invocations=6 (full 0):
 garbage-first heap   total 258048K, used 24438K [0x0000000704a00000, 0x0000000800000000)
  region size 1024K, 8 young (8192K), 8 survivors (8192K)
 Metaspace       used 34823K, capacity 35762K, committed 35840K, reserved 1081344K
  class space    used 4595K, capacity 4942K, committed 4992K, reserved 1048576K
}
Event: 18.915 GC heap before
{Heap before GC invocations=7 (full 0):
 garbage-first heap   total 258048K, used 155510K [0x0000000704a00000, 0x0000000800000000)
  region size 1024K, 134 young (137216K), 8 survivors (8192K)
 Metaspace       used 49055K, capacity 50286K, committed 50560K, reserved 1093632K
  class space    used 6325K, capacity 6765K, committed 6784K, reserved 1048576K
}
Event: 18.934 GC heap after
{Heap after GC invocations=8 (full 0):
 garbage-first heap   total 258048K, used 35006K [0x0000000704a00000, 0x0000000800000000)
  region size 1024K, 17 young (17408K), 17 survivors (17408K)
 Metaspace       used 49055K, capacity 50286K, committed 50560K, reserved 1093632K
  class space    used 6325K, capacity 6765K, committed 6784K, reserved 1048576K
}
Event: 23.346 GC heap before
{Heap before GC invocations=8 (full 0):
 garbage-first heap   total 258048K, used 150718K [0x0000000704a00000, 0x0000000800000000)
  region size 1024K, 130 young (133120K), 17 survivors (17408K)
 Metaspace       used 58589K, capacity 60064K, committed 60160K, reserved 1101824K
  class space    used 7535K, capacity 8010K, committed 8064K, reserved 1048576K
}
Event: 23.378 GC heap after
{Heap after GC invocations=9 (full 0):
 garbage-first heap   total 258048K, used 40895K [0x0000000704a00000, 0x0000000800000000)
  region size 1024K, 7 young (7168K), 7 survivors (7168K)
 Metaspace       used 58589K, capacity 60064K, committed 60160K, reserved 1101824K
  class space    used 7535K, capacity 8010K, committed 8064K, reserved 1048576K
}
Event: 85.968 GC heap before
{Heap before GC invocations=10 (full 0):
 garbage-first heap   total 258048K, used 177087K [0x0000000704a00000, 0x0000000800000000)
  region size 1024K, 141 young (144384K), 7 survivors (7168K)
 Metaspace       used 63882K, capacity 65526K, committed 65664K, reserved 1105920K
  class space    used 7935K, capacity 8481K, committed 8576K, reserved 1048576K
}
Event: 85.985 GC heap after
{Heap after GC invocations=11 (full 0):
 garbage-first heap   total 258048K, used 44831K [0x0000000704a00000, 0x0000000800000000)
  region size 1024K, 11 young (11264K), 11 survivors (11264K)
 Metaspace       used 63882K, capacity 65526K, committed 65664K, reserved 1105920K
  class space    used 7935K, capacity 8481K, committed 8576K, reserved 1048576K
}

