# JRE version: OpenJDK Runtime Environment Temurin-21.0.5+11 (21.0.5+11) (build 21.0.5+11-LTS)
# Java VM: OpenJDK 64-Bit Server VM Temurin-21.0.5+11 (21.0.5+11-LTS, mixed mode, sharing, tiered, compressed oops, compressed class ptrs, parallel gc, windows-amd64)
GC Precious Log:
 CardTable entry size: 512
 CPUs: 8 total, 8 available
 Memory: 16082M
 Large Page Support: Disabled
 NUMA Support: Disabled
 Compressed Oops: Enabled (32-bit)
 Alignments: Space 512K, Generation 512K, Heap 2M
 Heap Min Capacity: 100M
 Heap Initial Capacity: 100M
 Heap Max Capacity: 1G
 Pre-touch: Disabled
 Parallel Workers: 8
Heap:
 PSYoungGen      total 22528K, used 8419K [0x00000000eab00000, 0x00000000ec500000, 0x0000000100000000)
  eden space 22016K, 36% used [0x00000000eab00000,0x00000000eb2c0fa8,0x00000000ec080000)
  from space 512K, 93% used [0x00000000ec480000,0x00000000ec4f8010,0x00000000ec500000)
  to   space 1536K, 0% used [0x00000000ec200000,0x00000000ec200000,0x00000000ec380000)
 ParOldGen       total 68608K, used 41424K [0x00000000c0000000, 0x00000000c4300000, 0x00000000eab00000)
  object space 68608K, 60% used [0x00000000c0000000,0x00000000c2874208,0x00000000c4300000)
 Metaspace       used 67070K, committed 68352K, reserved 1114112K
  class space    used 8178K, committed 8768K, reserved 1048576K
GC Heap History (20 events):
Event: 55.249 GC heap before
{Heap before GC invocations=36 (full 3):
 PSYoungGen      total 22528K, used 22500K [0x00000000eab00000, 0x00000000ec600000, 0x0000000100000000)
  eden space 22016K, 100% used [0x00000000eab00000,0x00000000ec080000,0x00000000ec080000)
  from space 512K, 94% used [0x00000000ec580000,0x00000000ec5f9390,0x00000000ec600000)
  to   space 1024K, 0% used [0x00000000ec400000,0x00000000ec400000,0x00000000ec500000)
 ParOldGen       total 68608K, used 39143K [0x00000000c0000000, 0x00000000c4300000, 0x00000000eab00000)
  object space 68608K, 57% used [0x00000000c0000000,0x00000000c2639f50,0x00000000c4300000)
 Metaspace       used 64632K, committed 65920K, reserved 1114112K
  class space    used 7882K, committed 8448K, reserved 1048576K
}
Event: 55.249 GC heap after
{Heap after GC invocations=36 (full 3):
 PSYoungGen      total 23040K, used 397K [0x00000000eab00000, 0x00000000ec600000, 0x0000000100000000)
  eden space 22016K, 0% used [0x00000000eab00000,0x00000000eab00000,0x00000000ec080000)
  from space 1024K, 38% used [0x00000000ec400000,0x00000000ec463420,0x00000000ec500000)
  to   space 1024K, 0% used [0x00000000ec500000,0x00000000ec500000,0x00000000ec600000)
 ParOldGen       total 68608K, used 39359K [0x00000000c0000000, 0x00000000c4300000, 0x00000000eab00000)
  object space 68608K, 57% used [0x00000000c0000000,0x00000000c266ff50,0x00000000c4300000)
 Metaspace       used 64632K, committed 65920K, reserved 1114112K
  class space    used 7882K, committed 8448K, reserved 1048576K
}
Event: 55.479 GC heap before
{Heap before GC invocations=37 (full 3):
 PSYoungGen      total 23040K, used 22413K [0x00000000eab00000, 0x00000000ec600000, 0x0000000100000000)
  eden space 22016K, 100% used [0x00000000eab00000,0x00000000ec080000,0x00000000ec080000)
  from space 1024K, 38% used [0x00000000ec400000,0x00000000ec463420,0x00000000ec500000)
  to   space 1024K, 0% used [0x00000000ec500000,0x00000000ec500000,0x00000000ec600000)
 ParOldGen       total 68608K, used 39359K [0x00000000c0000000, 0x00000000c4300000, 0x00000000eab00000)
  object space 68608K, 57% used [0x00000000c0000000,0x00000000c266ff50,0x00000000c4300000)
 Metaspace       used 64632K, committed 65920K, reserved 1114112K
  class space    used 7882K, committed 8448K, reserved 1048576K
}
Event: 55.480 GC heap after
{Heap after GC invocations=37 (full 3):
 PSYoungGen      total 22528K, used 267K [0x00000000eab00000, 0x00000000ec580000, 0x0000000100000000)
  eden space 22016K, 0% used [0x00000000eab00000,0x00000000eab00000,0x00000000ec080000)
  from space 512K, 52% used [0x00000000ec500000,0x00000000ec542d70,0x00000000ec580000)
  to   space 512K, 0% used [0x00000000ec480000,0x00000000ec480000,0x00000000ec500000)
 ParOldGen       total 68608K, used 39460K [0x00000000c0000000, 0x00000000c4300000, 0x00000000eab00000)
  object space 68608K, 57% used [0x00000000c0000000,0x00000000c2689020,0x00000000c4300000)
 Metaspace       used 64632K, committed 65920K, reserved 1114112K
  class space    used 7882K, committed 8448K, reserved 1048576K
}
Event: 55.725 GC heap before
{Heap before GC invocations=38 (full 3):
 PSYoungGen      total 22528K, used 22283K [0x00000000eab00000, 0x00000000ec580000, 0x0000000100000000)
  eden space 22016K, 100% used [0x00000000eab00000,0x00000000ec080000,0x00000000ec080000)
  from space 512K, 52% used [0x00000000ec500000,0x00000000ec542d70,0x00000000ec580000)
  to   space 512K, 0% used [0x00000000ec480000,0x00000000ec480000,0x00000000ec500000)
 ParOldGen       total 68608K, used 39460K [0x00000000c0000000, 0x00000000c4300000, 0x00000000eab00000)
  object space 68608K, 57% used [0x00000000c0000000,0x00000000c2689020,0x00000000c4300000)
 Metaspace       used 64632K, committed 65920K, reserved 1114112K
  class space    used 7882K, committed 8448K, reserved 1048576K
}
Event: 55.726 GC heap after
{Heap after GC invocations=38 (full 3):
 PSYoungGen      total 22528K, used 499K [0x00000000eab00000, 0x00000000ec580000, 0x0000000100000000)
  eden space 22016K, 0% used [0x00000000eab00000,0x00000000eab00000,0x00000000ec080000)
  from space 512K, 97% used [0x00000000ec480000,0x00000000ec4fcc78,0x00000000ec500000)
  to   space 512K, 0% used [0x00000000ec500000,0x00000000ec500000,0x00000000ec580000)
 ParOldGen       total 68608K, used 39883K [0x00000000c0000000, 0x00000000c4300000, 0x00000000eab00000)
  object space 68608K, 58% used [0x00000000c0000000,0x00000000c26f2c40,0x00000000c4300000)
 Metaspace       used 64632K, committed 65920K, reserved 1114112K
  class space    used 7882K, committed 8448K, reserved 1048576K
}
Event: 56.014 GC heap before
{Heap before GC invocations=39 (full 3):
 PSYoungGen      total 22528K, used 22515K [0x00000000eab00000, 0x00000000ec580000, 0x0000000100000000)
  eden space 22016K, 100% used [0x00000000eab00000,0x00000000ec080000,0x00000000ec080000)
  from space 512K, 97% used [0x00000000ec480000,0x00000000ec4fcc78,0x00000000ec500000)
  to   space 512K, 0% used [0x00000000ec500000,0x00000000ec500000,0x00000000ec580000)
 ParOldGen       total 68608K, used 39883K [0x00000000c0000000, 0x00000000c4300000, 0x00000000eab00000)
  object space 68608K, 58% used [0x00000000c0000000,0x00000000c26f2c40,0x00000000c4300000)
 Metaspace       used 64632K, committed 65920K, reserved 1114112K
  class space    used 7882K, committed 8448K, reserved 1048576K
}
Event: 56.015 GC heap after
{Heap after GC invocations=39 (full 3):
 PSYoungGen      total 22528K, used 492K [0x00000000eab00000, 0x00000000ec580000, 0x0000000100000000)
  eden space 22016K, 0% used [0x00000000eab00000,0x00000000eab00000,0x00000000ec080000)
  from space 512K, 96% used [0x00000000ec500000,0x00000000ec57b010,0x00000000ec580000)
  to   space 1536K, 0% used [0x00000000ec280000,0x00000000ec280000,0x00000000ec400000)
 ParOldGen       total 68608K, used 40620K [0x00000000c0000000, 0x00000000c4300000, 0x00000000eab00000)
  object space 68608K, 59% used [0x00000000c0000000,0x00000000c27ab128,0x00000000c4300000)
 Metaspace       used 64632K, committed 65920K, reserved 1114112K
  class space    used 7882K, committed 8448K, reserved 1048576K
}
Event: 56.274 GC heap before
{Heap before GC invocations=40 (full 3):
 PSYoungGen      total 22528K, used 22508K [0x00000000eab00000, 0x00000000ec580000, 0x0000000100000000)
  eden space 22016K, 100% used [0x00000000eab00000,0x00000000ec080000,0x00000000ec080000)
  from space 512K, 96% used [0x00000000ec500000,0x00000000ec57b010,0x00000000ec580000)
  to   space 1536K, 0% used [0x00000000ec280000,0x00000000ec280000,0x00000000ec400000)
 ParOldGen       total 68608K, used 40620K [0x00000000c0000000, 0x00000000c4300000, 0x00000000eab00000)
  object space 68608K, 59% used [0x00000000c0000000,0x00000000c27ab128,0x00000000c4300000)
 Metaspace       used 64632K, committed 65920K, reserved 1114112K
  class space    used 7882K, committed 8448K, reserved 1048576K
}
Event: 56.274 GC heap after
{Heap after GC invocations=40 (full 3):
 PSYoungGen      total 23552K, used 818K [0x00000000eab00000, 0x00000000ec580000, 0x0000000100000000)
  eden space 22016K, 0% used [0x00000000eab00000,0x00000000eab00000,0x00000000ec080000)
  from space 1536K, 53% used [0x00000000ec280000,0x00000000ec34cb48,0x00000000ec400000)
  to   space 1024K, 0% used [0x00000000ec480000,0x00000000ec480000,0x00000000ec580000)
 ParOldGen       total 68608K, used 40660K [0x00000000c0000000, 0x00000000c4300000, 0x00000000eab00000)
  object space 68608K, 59% used [0x00000000c0000000,0x00000000c27b5128,0x00000000c4300000)
 Metaspace       used 64632K, committed 65920K, reserved 1114112K
  class space    used 7882K, committed 8448K, reserved 1048576K
}
Event: 56.514 GC heap before
{Heap before GC invocations=41 (full 3):
 PSYoungGen      total 23552K, used 22834K [0x00000000eab00000, 0x00000000ec580000, 0x0000000100000000)
  eden space 22016K, 100% used [0x00000000eab00000,0x00000000ec080000,0x00000000ec080000)
  from space 1536K, 53% used [0x00000000ec280000,0x00000000ec34cb48,0x00000000ec400000)
  to   space 1024K, 0% used [0x00000000ec480000,0x00000000ec480000,0x00000000ec580000)
 ParOldGen       total 68608K, used 40660K [0x00000000c0000000, 0x00000000c4300000, 0x00000000eab00000)
  object space 68608K, 59% used [0x00000000c0000000,0x00000000c27b5128,0x00000000c4300000)
 Metaspace       used 64632K, committed 65920K, reserved 1114112K
  class space    used 7882K, committed 8448K, reserved 1048576K
}
Event: 56.515 GC heap after
{Heap after GC invocations=41 (full 3):
 PSYoungGen      total 22528K, used 350K [0x00000000eab00000, 0x00000000ec500000, 0x0000000100000000)
  eden space 22016K, 0% used [0x00000000eab00000,0x00000000eab00000,0x00000000ec080000)
  from space 512K, 68% used [0x00000000ec480000,0x00000000ec4d7948,0x00000000ec500000)
  to   space 1024K, 0% used [0x00000000ec300000,0x00000000ec300000,0x00000000ec400000)
 ParOldGen       total 68608K, used 40732K [0x00000000c0000000, 0x00000000c4300000, 0x00000000eab00000)
  object space 68608K, 59% used [0x00000000c0000000,0x00000000c27c7128,0x00000000c4300000)
 Metaspace       used 64632K, committed 65920K, reserved 1114112K
  class space    used 7882K, committed 8448K, reserved 1048576K
}
Event: 56.679 GC heap before
{Heap before GC invocations=42 (full 3):
 PSYoungGen      total 22528K, used 22366K [0x00000000eab00000, 0x00000000ec500000, 0x0000000100000000)
  eden space 22016K, 100% used [0x00000000eab00000,0x00000000ec080000,0x00000000ec080000)
  from space 512K, 68% used [0x00000000ec480000,0x00000000ec4d7948,0x00000000ec500000)
  to   space 1024K, 0% used [0x00000000ec300000,0x00000000ec300000,0x00000000ec400000)
 ParOldGen       total 68608K, used 40732K [0x00000000c0000000, 0x00000000c4300000, 0x00000000eab00000)
  object space 68608K, 59% used [0x00000000c0000000,0x00000000c27c7128,0x00000000c4300000)
 Metaspace       used 64632K, committed 65920K, reserved 1114112K
  class space    used 7882K, committed 8448K, reserved 1048576K
}
Event: 56.680 GC heap after
{Heap after GC invocations=42 (full 3):
 PSYoungGen      total 23040K, used 293K [0x00000000eab00000, 0x00000000ec500000, 0x0000000100000000)
  eden space 22016K, 0% used [0x00000000eab00000,0x00000000eab00000,0x00000000ec080000)
  from space 1024K, 28% used [0x00000000ec300000,0x00000000ec3494d8,0x00000000ec400000)
  to   space 512K, 0% used [0x00000000ec480000,0x00000000ec480000,0x00000000ec500000)
 ParOldGen       total 68608K, used 40764K [0x00000000c0000000, 0x00000000c4300000, 0x00000000eab00000)
  object space 68608K, 59% used [0x00000000c0000000,0x00000000c27cf128,0x00000000c4300000)
 Metaspace       used 64632K, committed 65920K, reserved 1114112K
  class space    used 7882K, committed 8448K, reserved 1048576K
}
Event: 56.879 GC heap before
{Heap before GC invocations=43 (full 3):
 PSYoungGen      total 23040K, used 22309K [0x00000000eab00000, 0x00000000ec500000, 0x0000000100000000)
  eden space 22016K, 100% used [0x00000000eab00000,0x00000000ec080000,0x00000000ec080000)
  from space 1024K, 28% used [0x00000000ec300000,0x00000000ec3494d8,0x00000000ec400000)
  to   space 512K, 0% used [0x00000000ec480000,0x00000000ec480000,0x00000000ec500000)
 ParOldGen       total 68608K, used 40764K [0x00000000c0000000, 0x00000000c4300000, 0x00000000eab00000)
  object space 68608K, 59% used [0x00000000c0000000,0x00000000c27cf128,0x00000000c4300000)
 Metaspace       used 64632K, committed 65920K, reserved 1114112K
  class space    used 7882K, committed 8448K, reserved 1048576K
}
Event: 56.880 GC heap after
{Heap after GC invocations=43 (full 3):
 PSYoungGen      total 22528K, used 277K [0x00000000eab00000, 0x00000000ec500000, 0x0000000100000000)
  eden space 22016K, 0% used [0x00000000eab00000,0x00000000eab00000,0x00000000ec080000)
  from space 512K, 54% used [0x00000000ec480000,0x00000000ec4c56b8,0x00000000ec500000)
  to   space 512K, 0% used [0x00000000ec400000,0x00000000ec400000,0x00000000ec480000)
 ParOldGen       total 68608K, used 40848K [0x00000000c0000000, 0x00000000c4300000, 0x00000000eab00000)
  object space 68608K, 59% used [0x00000000c0000000,0x00000000c27e41f8,0x00000000c4300000)
 Metaspace       used 64632K, committed 65920K, reserved 1114112K
  class space    used 7882K, committed 8448K, reserved 1048576K
}
Event: 82.777 GC heap before
{Heap before GC invocations=44 (full 3):
 PSYoungGen      total 22528K, used 22293K [0x00000000eab00000, 0x00000000ec500000, 0x0000000100000000)
  eden space 22016K, 99% used [0x00000000eab00000,0x00000000ec07ffe8,0x00000000ec080000)
  from space 512K, 54% used [0x00000000ec480000,0x00000000ec4c56b8,0x00000000ec500000)
  to   space 512K, 0% used [0x00000000ec400000,0x00000000ec400000,0x00000000ec480000)
 ParOldGen       total 68608K, used 40848K [0x00000000c0000000, 0x00000000c4300000, 0x00000000eab00000)
  object space 68608K, 59% used [0x00000000c0000000,0x00000000c27e41f8,0x00000000c4300000)
 Metaspace       used 66253K, committed 67584K, reserved 1114112K
  class space    used 8086K, committed 8704K, reserved 1048576K
}
Event: 82.779 GC heap after
{Heap after GC invocations=44 (full 3):
 PSYoungGen      total 22528K, used 480K [0x00000000eab00000, 0x00000000ec500000, 0x0000000100000000)
  eden space 22016K, 0% used [0x00000000eab00000,0x00000000eab00000,0x00000000ec080000)
  from space 512K, 93% used [0x00000000ec400000,0x00000000ec478000,0x00000000ec480000)
  to   space 512K, 0% used [0x00000000ec480000,0x00000000ec480000,0x00000000ec500000)
 ParOldGen       total 68608K, used 40912K [0x00000000c0000000, 0x00000000c4300000, 0x00000000eab00000)
  object space 68608K, 59% used [0x00000000c0000000,0x00000000c27f4208,0x00000000c4300000)
 Metaspace       used 66253K, committed 67584K, reserved 1114112K
  class space    used 8086K, committed 8704K, reserved 1048576K
}
Event: 159.965 GC heap before
{Heap before GC invocations=45 (full 3):
 PSYoungGen      total 22528K, used 22496K [0x00000000eab00000, 0x00000000ec500000, 0x0000000100000000)
  eden space 22016K, 100% used [0x00000000eab00000,0x00000000ec080000,0x00000000ec080000)
  from space 512K, 93% used [0x00000000ec400000,0x00000000ec478000,0x00000000ec480000)
  to   space 512K, 0% used [0x00000000ec480000,0x00000000ec480000,0x00000000ec500000)
 ParOldGen       total 68608K, used 40912K [0x00000000c0000000, 0x00000000c4300000, 0x00000000eab00000)
  object space 68608K, 59% used [0x00000000c0000000,0x00000000c27f4208,0x00000000c4300000)
 Metaspace       used 66854K, committed 68224K, reserved 1114112K
  class space    used 8148K, committed 8768K, reserved 1048576K
}
Event: 159.967 GC heap after
{Heap after GC invocations=45 (full 3):
 PSYoungGen      total 22528K, used 480K [0x00000000eab00000, 0x00000000ec500000, 0x0000000100000000)
  eden space 22016K, 0% used [0x00000000eab00000,0x00000000eab00000,0x00000000ec080000)
  from space 512K, 93% used [0x00000000ec480000,0x00000000ec4f8010,0x00000000ec500000)
  to   space 1536K, 0% used [0x00000000ec200000,0x00000000ec200000,0x00000000ec380000)
 ParOldGen       total 68608K, used 41424K [0x00000000c0000000, 0x00000000c4300000, 0x00000000eab00000)
  object space 68608K, 60% used [0x00000000c0000000,0x00000000c2874208,0x00000000c4300000)
 Metaspace       used 66854K, committed 68224K, reserved 1114112K
  class space    used 8148K, committed 8768K, reserved 1048576K
}

